This file contains any messages produced by compilers while
running configure, to aid debugging if configure makes a mistake.

It was created by openbts configure 5.0-master, which was
generated by GNU Autoconf 2.69.  Invocation command line was

  $ ./configure --with-usrp1 --with-singledb

## --------- ##
## Platform. ##
## --------- ##

hostname = BUZZ-04
uname -m = x86_64
uname -r = 4.4.0-87-generic
uname -s = Linux
uname -v = #110-Ubuntu SMP Tue Jul 18 12:55:35 UTC 2017

/usr/bin/uname -p = unknown
/bin/uname -X     = unknown

/bin/arch              = unknown
/usr/bin/arch -k       = unknown
/usr/convex/getsysinfo = unknown
/usr/bin/hostinfo      = unknown
/bin/machine           = unknown
/usr/bin/oslevel       = unknown
/bin/universe          = unknown

PATH: /home/me/bin
PATH: /home/me/.local/bin
PATH: /usr/local/sbin
PATH: /usr/local/bin
PATH: /usr/sbin
PATH: /usr/bin
PATH: /sbin
PATH: /bin
PATH: /usr/games
PATH: /usr/local/games
PATH: /snap/bin


## ----------- ##
## Core tests. ##
## ----------- ##

configure:2498: checking build system type
configure:2512: result: x86_64-pc-linux-gnu
configure:2532: checking host system type
configure:2545: result: x86_64-pc-linux-gnu
configure:2565: checking target system type
configure:2578: result: x86_64-pc-linux-gnu
configure:2650: checking for a BSD-compatible install
configure:2718: result: /usr/bin/install -c
configure:2729: checking whether build environment is sane
configure:2784: result: yes
configure:2935: checking for a thread-safe mkdir -p
configure:2974: result: /bin/mkdir -p
configure:2981: checking for gawk
configure:2997: found /usr/bin/gawk
configure:3008: result: gawk
configure:3019: checking whether make sets $(MAKE)
configure:3041: result: yes
configure:3070: checking whether make supports nested variables
configure:3087: result: yes
configure:3277: checking for g++
configure:3293: found /usr/bin/g++
configure:3304: result: g++
configure:3331: checking for C++ compiler version
configure:3340: g++ --version >&5
g++ (Ubuntu 5.4.0-6ubuntu1~16.04.9) 5.4.0 20160609
Copyright (C) 2015 Free Software Foundation, Inc.
This is free software; see the source for copying conditions.  There is NO
warranty; not even for MERCHANTABILITY or FITNESS FOR A PARTICULAR PURPOSE.

configure:3351: $? = 0
configure:3340: g++ -v >&5
Using built-in specs.
COLLECT_GCC=g++
COLLECT_LTO_WRAPPER=/usr/lib/gcc/x86_64-linux-gnu/5/lto-wrapper
Target: x86_64-linux-gnu
Configured with: ../src/configure -v --with-pkgversion='Ubuntu 5.4.0-6ubuntu1~16.04.9' --with-bugurl=file:///usr/share/doc/gcc-5/README.Bugs --enable-languages=c,ada,c++,java,go,d,fortran,objc,obj-c++ --prefix=/usr --program-suffix=-5 --enable-shared --enable-linker-build-id --libexecdir=/usr/lib --without-included-gettext --enable-threads=posix --libdir=/usr/lib --enable-nls --with-sysroot=/ --enable-clocale=gnu --enable-libstdcxx-debug --enable-libstdcxx-time=yes --with-default-libstdcxx-abi=new --enable-gnu-unique-object --disable-vtable-verify --enable-libmpx --enable-plugin --with-system-zlib --disable-browser-plugin --enable-java-awt=gtk --enable-gtk-cairo --with-java-home=/usr/lib/jvm/java-1.5.0-gcj-5-amd64/jre --enable-java-home --with-jvm-root-dir=/usr/lib/jvm/java-1.5.0-gcj-5-amd64 --with-jvm-jar-dir=/usr/lib/jvm-exports/java-1.5.0-gcj-5-amd64 --with-arch-directory=amd64 --with-ecj-jar=/usr/share/java/eclipse-ecj.jar --enable-objc-gc --enable-multiarch --disable-werror --with-arch-32=i686 --with-abi=m64 --with-multilib-list=m32,m64,mx32 --enable-multilib --with-tune=generic --enable-checking=release --build=x86_64-linux-gnu --host=x86_64-linux-gnu --target=x86_64-linux-gnu
Thread model: posix
gcc version 5.4.0 20160609 (Ubuntu 5.4.0-6ubuntu1~16.04.9) 
configure:3351: $? = 0
configure:3340: g++ -V >&5
g++: error: unrecognized command line option '-V'
g++: fatal error: no input files
compilation terminated.
configure:3351: $? = 1
configure:3340: g++ -qversion >&5
g++: error: unrecognized command line option '-qversion'
g++: fatal error: no input files
compilation terminated.
configure:3351: $? = 1
configure:3371: checking whether the C++ compiler works
configure:3393: g++    conftest.cpp  >&5
configure:3397: $? = 0
configure:3445: result: yes
configure:3448: checking for C++ compiler default output file name
configure:3450: result: a.out
configure:3456: checking for suffix of executables
configure:3463: g++ -o conftest    conftest.cpp  >&5
configure:3467: $? = 0
configure:3489: result: 
configure:3511: checking whether we are cross compiling
configure:3519: g++ -o conftest    conftest.cpp  >&5
configure:3523: $? = 0
configure:3530: ./conftest
configure:3534: $? = 0
configure:3549: result: no
configure:3554: checking for suffix of object files
configure:3576: g++ -c   conftest.cpp >&5
configure:3580: $? = 0
configure:3601: result: o
configure:3605: checking whether we are using the GNU C++ compiler
configure:3624: g++ -c   conftest.cpp >&5
configure:3624: $? = 0
configure:3633: result: yes
configure:3642: checking whether g++ accepts -g
configure:3662: g++ -c -g  conftest.cpp >&5
configure:3662: $? = 0
configure:3703: result: yes
configure:3737: checking for style of include used by make
configure:3765: result: GNU
configure:3791: checking dependency style of g++
configure:3902: result: gcc3
configure:3921: checking for gawk
configure:3948: result: gawk
configure:4007: checking for gcc
configure:4023: found /usr/bin/gcc
configure:4034: result: gcc
configure:4263: checking for C compiler version
configure:4272: gcc --version >&5
gcc (Ubuntu 5.4.0-6ubuntu1~16.04.9) 5.4.0 20160609
Copyright (C) 2015 Free Software Foundation, Inc.
This is free software; see the source for copying conditions.  There is NO
warranty; not even for MERCHANTABILITY or FITNESS FOR A PARTICULAR PURPOSE.

configure:4283: $? = 0
configure:4272: gcc -v >&5
Using built-in specs.
COLLECT_GCC=gcc
COLLECT_LTO_WRAPPER=/usr/lib/gcc/x86_64-linux-gnu/5/lto-wrapper
Target: x86_64-linux-gnu
Configured with: ../src/configure -v --with-pkgversion='Ubuntu 5.4.0-6ubuntu1~16.04.9' --with-bugurl=file:///usr/share/doc/gcc-5/README.Bugs --enable-languages=c,ada,c++,java,go,d,fortran,objc,obj-c++ --prefix=/usr --program-suffix=-5 --enable-shared --enable-linker-build-id --libexecdir=/usr/lib --without-included-gettext --enable-threads=posix --libdir=/usr/lib --enable-nls --with-sysroot=/ --enable-clocale=gnu --enable-libstdcxx-debug --enable-libstdcxx-time=yes --with-default-libstdcxx-abi=new --enable-gnu-unique-object --disable-vtable-verify --enable-libmpx --enable-plugin --with-system-zlib --disable-browser-plugin --enable-java-awt=gtk --enable-gtk-cairo --with-java-home=/usr/lib/jvm/java-1.5.0-gcj-5-amd64/jre --enable-java-home --with-jvm-root-dir=/usr/lib/jvm/java-1.5.0-gcj-5-amd64 --with-jvm-jar-dir=/usr/lib/jvm-exports/java-1.5.0-gcj-5-amd64 --with-arch-directory=amd64 --with-ecj-jar=/usr/share/java/eclipse-ecj.jar --enable-objc-gc --enable-multiarch --disable-werror --with-arch-32=i686 --with-abi=m64 --with-multilib-list=m32,m64,mx32 --enable-multilib --with-tune=generic --enable-checking=release --build=x86_64-linux-gnu --host=x86_64-linux-gnu --target=x86_64-linux-gnu
Thread model: posix
gcc version 5.4.0 20160609 (Ubuntu 5.4.0-6ubuntu1~16.04.9) 
configure:4283: $? = 0
configure:4272: gcc -V >&5
gcc: error: unrecognized command line option '-V'
gcc: fatal error: no input files
compilation terminated.
configure:4283: $? = 1
configure:4272: gcc -qversion >&5
gcc: error: unrecognized command line option '-qversion'
gcc: fatal error: no input files
compilation terminated.
configure:4283: $? = 1
configure:4287: checking whether we are using the GNU C compiler
configure:4306: gcc -c   conftest.c >&5
configure:4306: $? = 0
configure:4315: result: yes
configure:4324: checking whether gcc accepts -g
configure:4344: gcc -c -g  conftest.c >&5
configure:4344: $? = 0
configure:4385: result: yes
configure:4402: checking for gcc option to accept ISO C89
configure:4465: gcc  -c -g -O2  conftest.c >&5
configure:4465: $? = 0
configure:4478: result: none needed
configure:4503: checking whether gcc understands -c and -o together
configure:4525: gcc -c conftest.c -o conftest2.o
configure:4528: $? = 0
configure:4525: gcc -c conftest.c -o conftest2.o
configure:4528: $? = 0
configure:4540: result: yes
configure:4559: checking dependency style of gcc
configure:4670: result: gcc3
configure:4686: checking whether ln -s works
configure:4690: result: yes
configure:4697: checking whether make sets $(MAKE)
configure:4719: result: yes
configure:4737: checking dependency style of gcc
configure:4846: result: gcc3
configure:4863: checking for rm
configure:4881: found /bin/rm
configure:4893: result: /bin/rm
configure:4952: checking how to print strings
configure:4979: result: printf
configure:5000: checking for a sed that does not truncate output
configure:5064: result: /bin/sed
configure:5082: checking for grep that handles long lines and -e
configure:5140: result: /bin/grep
configure:5145: checking for egrep
configure:5207: result: /bin/grep -E
configure:5212: checking for fgrep
configure:5274: result: /bin/grep -F
configure:5309: checking for ld used by gcc
configure:5376: result: /usr/bin/ld
configure:5383: checking if the linker (/usr/bin/ld) is GNU ld
configure:5398: result: yes
configure:5410: checking for BSD- or MS-compatible name lister (nm)
configure:5464: result: /usr/bin/nm -B
configure:5594: checking the name lister (/usr/bin/nm -B) interface
configure:5601: gcc -c -g -O2  conftest.c >&5
configure:5604: /usr/bin/nm -B "conftest.o"
configure:5607: output
0000000000000000 B some_variable
configure:5614: result: BSD nm
configure:5618: checking the maximum length of command line arguments
configure:5749: result: 1572864
configure:5797: checking how to convert x86_64-pc-linux-gnu file names to x86_64-pc-linux-gnu format
configure:5837: result: func_convert_file_noop
configure:5844: checking how to convert x86_64-pc-linux-gnu file names to toolchain format
configure:5864: result: func_convert_file_noop
configure:5871: checking for /usr/bin/ld option to reload object files
configure:5878: result: -r
configure:5952: checking for objdump
configure:5968: found /usr/bin/objdump
configure:5979: result: objdump
configure:6011: checking how to recognize dependent libraries
configure:6211: result: pass_all
configure:6296: checking for dlltool
configure:6326: result: no
configure:6356: checking how to associate runtime and link libraries
configure:6383: result: printf %s\n
configure:6444: checking for ar
configure:6460: found /usr/bin/ar
configure:6471: result: ar
configure:6508: checking for archiver @FILE support
configure:6525: gcc -c -g -O2  conftest.c >&5
configure:6525: $? = 0
configure:6528: ar cru libconftest.a @conftest.lst >&5
ar: `u' modifier ignored since `D' is the default (see `U')
configure:6531: $? = 0
configure:6536: ar cru libconftest.a @conftest.lst >&5
ar: `u' modifier ignored since `D' is the default (see `U')
ar: conftest.o: No such file or directory
configure:6539: $? = 1
configure:6551: result: @
configure:6609: checking for strip
configure:6625: found /usr/bin/strip
configure:6636: result: strip
configure:6708: checking for ranlib
configure:6724: found /usr/bin/ranlib
configure:6735: result: ranlib
configure:6837: checking command to parse /usr/bin/nm -B output from gcc object
configure:6990: gcc -c -g -O2  conftest.c >&5
configure:6993: $? = 0
configure:6997: /usr/bin/nm -B conftest.o \| sed -n -e 's/^.*[ ]\([ABCDGIRSTW][ABCDGIRSTW]*\)[ ][ ]*\([_A-Za-z][_A-Za-z0-9]*\)$/\1 \2 \2/p' | sed '/ __gnu_lto/d' \> conftest.nm
configure:7000: $? = 0
configure:7066: gcc -o conftest -g -O2   conftest.c conftstm.o >&5
configure:7069: $? = 0
configure:7107: result: ok
configure:7154: checking for sysroot
configure:7184: result: no
configure:7191: checking for a working dd
configure:7229: result: /bin/dd
configure:7233: checking how to truncate binary pipes
configure:7248: result: /bin/dd bs=4096 count=1
configure:7384: gcc -c -g -O2  conftest.c >&5
configure:7387: $? = 0
configure:7577: checking for mt
configure:7593: found /bin/mt
configure:7604: result: mt
configure:7627: checking if mt is a manifest tool
configure:7633: mt '-?'
configure:7641: result: no
configure:8318: checking how to run the C preprocessor
configure:8349: gcc -E  conftest.c
configure:8349: $? = 0
configure:8363: gcc -E  conftest.c
conftest.c:11:28: fatal error: ac_nonexistent.h: No such file or directory
compilation terminated.
configure:8363: $? = 1
configure: failed program was:
| /* confdefs.h */
| #define PACKAGE_NAME "openbts"
| #define PACKAGE_TARNAME "openbts"
| #define PACKAGE_VERSION "5.0-master"
| #define PACKAGE_STRING "openbts 5.0-master"
| #define PACKAGE_BUGREPORT ""
| #define PACKAGE_URL ""
| #define PACKAGE "openbts"
| #define VERSION "5.0-master"
| /* end confdefs.h.  */
| #include <ac_nonexistent.h>
configure:8388: result: gcc -E
configure:8408: gcc -E  conftest.c
configure:8408: $? = 0
configure:8422: gcc -E  conftest.c
conftest.c:11:28: fatal error: ac_nonexistent.h: No such file or directory
compilation terminated.
configure:8422: $? = 1
configure: failed program was:
| /* confdefs.h */
| #define PACKAGE_NAME "openbts"
| #define PACKAGE_TARNAME "openbts"
| #define PACKAGE_VERSION "5.0-master"
| #define PACKAGE_STRING "openbts 5.0-master"
| #define PACKAGE_BUGREPORT ""
| #define PACKAGE_URL ""
| #define PACKAGE "openbts"
| #define VERSION "5.0-master"
| /* end confdefs.h.  */
| #include <ac_nonexistent.h>
configure:8451: checking for ANSI C header files
configure:8471: gcc -c -g -O2  conftest.c >&5
configure:8471: $? = 0
configure:8544: gcc -o conftest -g -O2   conftest.c  >&5
configure:8544: $? = 0
configure:8544: ./conftest
configure:8544: $? = 0
configure:8555: result: yes
configure:8568: checking for sys/types.h
configure:8568: gcc -c -g -O2  conftest.c >&5
configure:8568: $? = 0
configure:8568: result: yes
configure:8568: checking for sys/stat.h
configure:8568: gcc -c -g -O2  conftest.c >&5
configure:8568: $? = 0
configure:8568: result: yes
configure:8568: checking for stdlib.h
configure:8568: gcc -c -g -O2  conftest.c >&5
configure:8568: $? = 0
configure:8568: result: yes
configure:8568: checking for string.h
configure:8568: gcc -c -g -O2  conftest.c >&5
configure:8568: $? = 0
configure:8568: result: yes
configure:8568: checking for memory.h
configure:8568: gcc -c -g -O2  conftest.c >&5
configure:8568: $? = 0
configure:8568: result: yes
configure:8568: checking for strings.h
configure:8568: gcc -c -g -O2  conftest.c >&5
configure:8568: $? = 0
configure:8568: result: yes
configure:8568: checking for inttypes.h
configure:8568: gcc -c -g -O2  conftest.c >&5
configure:8568: $? = 0
configure:8568: result: yes
configure:8568: checking for stdint.h
configure:8568: gcc -c -g -O2  conftest.c >&5
configure:8568: $? = 0
configure:8568: result: yes
configure:8568: checking for unistd.h
configure:8568: gcc -c -g -O2  conftest.c >&5
configure:8568: $? = 0
configure:8568: result: yes
configure:8582: checking for dlfcn.h
configure:8582: gcc -c -g -O2  conftest.c >&5
configure:8582: $? = 0
configure:8582: result: yes
configure:8849: checking for objdir
configure:8864: result: .libs
configure:9128: checking if gcc supports -fno-rtti -fno-exceptions
configure:9146: gcc -c -g -O2  -fno-rtti -fno-exceptions conftest.c >&5
cc1: warning: command line option '-fno-rtti' is valid for C++/ObjC++ but not for C
configure:9150: $? = 0
configure:9163: result: no
configure:9521: checking for gcc option to produce PIC
configure:9528: result: -fPIC -DPIC
configure:9536: checking if gcc PIC flag -fPIC -DPIC works
configure:9554: gcc -c -g -O2  -fPIC -DPIC -DPIC conftest.c >&5
configure:9558: $? = 0
configure:9571: result: yes
configure:9600: checking if gcc static flag -static works
configure:9628: result: yes
configure:9643: checking if gcc supports -c -o file.o
configure:9664: gcc -c -g -O2  -o out/conftest2.o conftest.c >&5
configure:9668: $? = 0
configure:9690: result: yes
configure:9698: checking if gcc supports -c -o file.o
configure:9745: result: yes
configure:9778: checking whether the gcc linker (/usr/bin/ld -m elf_x86_64) supports shared libraries
configure:11041: result: yes
configure:11078: checking whether -lc should be explicitly linked in
configure:11086: gcc -c -g -O2  conftest.c >&5
configure:11089: $? = 0
configure:11104: gcc -shared  -fPIC -DPIC conftest.o  -v -Wl,-soname -Wl,conftest -o conftest 2\>\&1 \| /bin/grep  -lc  \>/dev/null 2\>\&1
configure:11107: $? = 0
configure:11121: result: no
configure:11281: checking dynamic linker characteristics
configure:11862: gcc -o conftest -g -O2   -Wl,-rpath -Wl,/foo conftest.c  >&5
configure:11862: $? = 0
configure:12111: result: GNU/Linux ld.so
configure:12233: checking how to hardcode library paths into programs
configure:12258: result: immediate
configure:12806: checking whether stripping libraries is possible
configure:12811: result: yes
configure:12846: checking if libtool supports shared libraries
configure:12848: result: yes
configure:12851: checking whether to build shared libraries
configure:12876: result: yes
configure:12879: checking whether to build static libraries
configure:12883: result: yes
configure:12906: checking how to run the C++ preprocessor
configure:12933: g++ -E  conftest.cpp
configure:12933: $? = 0
configure:12947: g++ -E  conftest.cpp
conftest.cpp:23:28: fatal error: ac_nonexistent.h: No such file or directory
compilation terminated.
configure:12947: $? = 1
configure: failed program was:
| /* confdefs.h */
| #define PACKAGE_NAME "openbts"
| #define PACKAGE_TARNAME "openbts"
| #define PACKAGE_VERSION "5.0-master"
| #define PACKAGE_STRING "openbts 5.0-master"
| #define PACKAGE_BUGREPORT ""
| #define PACKAGE_URL ""
| #define PACKAGE "openbts"
| #define VERSION "5.0-master"
| #define STDC_HEADERS 1
| #define HAVE_SYS_TYPES_H 1
| #define HAVE_SYS_STAT_H 1
| #define HAVE_STDLIB_H 1
| #define HAVE_STRING_H 1
| #define HAVE_MEMORY_H 1
| #define HAVE_STRINGS_H 1
| #define HAVE_INTTYPES_H 1
| #define HAVE_STDINT_H 1
| #define HAVE_UNISTD_H 1
| #define HAVE_DLFCN_H 1
| #define LT_OBJDIR ".libs/"
| /* end confdefs.h.  */
| #include <ac_nonexistent.h>
configure:12972: result: g++ -E
configure:12992: g++ -E  conftest.cpp
configure:12992: $? = 0
configure:13006: g++ -E  conftest.cpp
conftest.cpp:23:28: fatal error: ac_nonexistent.h: No such file or directory
compilation terminated.
configure:13006: $? = 1
configure: failed program was:
| /* confdefs.h */
| #define PACKAGE_NAME "openbts"
| #define PACKAGE_TARNAME "openbts"
| #define PACKAGE_VERSION "5.0-master"
| #define PACKAGE_STRING "openbts 5.0-master"
| #define PACKAGE_BUGREPORT ""
| #define PACKAGE_URL ""
| #define PACKAGE "openbts"
| #define VERSION "5.0-master"
| #define STDC_HEADERS 1
| #define HAVE_SYS_TYPES_H 1
| #define HAVE_SYS_STAT_H 1
| #define HAVE_STDLIB_H 1
| #define HAVE_STRING_H 1
| #define HAVE_MEMORY_H 1
| #define HAVE_STRINGS_H 1
| #define HAVE_INTTYPES_H 1
| #define HAVE_STDINT_H 1
| #define HAVE_UNISTD_H 1
| #define HAVE_DLFCN_H 1
| #define LT_OBJDIR ".libs/"
| /* end confdefs.h.  */
| #include <ac_nonexistent.h>
configure:13168: checking for ld used by g++
configure:13235: result: /usr/bin/ld -m elf_x86_64
configure:13242: checking if the linker (/usr/bin/ld -m elf_x86_64) is GNU ld
configure:13257: result: yes
configure:13312: checking whether the g++ linker (/usr/bin/ld -m elf_x86_64) supports shared libraries
configure:14385: result: yes
configure:14421: g++ -c   conftest.cpp >&5
configure:14424: $? = 0
configure:14905: checking for g++ option to produce PIC
configure:14912: result: -fPIC -DPIC
configure:14920: checking if g++ PIC flag -fPIC -DPIC works
configure:14938: g++ -c   -fPIC -DPIC -DPIC conftest.cpp >&5
configure:14942: $? = 0
configure:14955: result: yes
configure:14978: checking if g++ static flag -static works
configure:15006: result: yes
configure:15018: checking if g++ supports -c -o file.o
configure:15039: g++ -c   -o out/conftest2.o conftest.cpp >&5
configure:15043: $? = 0
configure:15065: result: yes
configure:15070: checking if g++ supports -c -o file.o
configure:15117: result: yes
configure:15147: checking whether the g++ linker (/usr/bin/ld -m elf_x86_64) supports shared libraries
configure:15190: result: yes
configure:15331: checking dynamic linker characteristics
configure:16088: result: GNU/Linux ld.so
configure:16153: checking how to hardcode library paths into programs
configure:16178: result: immediate
configure:16295: checking for ANSI C header files
configure:16399: result: yes
configure:16409: checking byteswap.h usability
configure:16409: gcc -c -g -O2  conftest.c >&5
configure:16409: $? = 0
configure:16409: result: yes
configure:16409: checking byteswap.h presence
configure:16409: gcc -E  conftest.c
configure:16409: $? = 0
configure:16409: result: yes
configure:16409: checking for byteswap.h
configure:16409: result: yes
configure:16421: checking for an ANSI C-conforming const
configure:16487: gcc -c -g -O2  conftest.c >&5
configure:16487: $? = 0
configure:16494: result: yes
configure:16502: checking for inline
configure:16518: gcc -c -g -O2  conftest.c >&5
configure:16518: $? = 0
configure:16526: result: inline
configure:16544: checking for size_t
configure:16544: gcc -c -g -O2  conftest.c >&5
configure:16544: $? = 0
configure:16544: gcc -c -g -O2  conftest.c >&5
conftest.c: In function 'main':
conftest.c:61:21: error: expected expression before ')' token
 if (sizeof ((size_t)))
                     ^
configure:16544: $? = 1
configure: failed program was:
| /* confdefs.h */
| #define PACKAGE_NAME "openbts"
| #define PACKAGE_TARNAME "openbts"
| #define PACKAGE_VERSION "5.0-master"
| #define PACKAGE_STRING "openbts 5.0-master"
| #define PACKAGE_BUGREPORT ""
| #define PACKAGE_URL ""
| #define PACKAGE "openbts"
| #define VERSION "5.0-master"
| #define STDC_HEADERS 1
| #define HAVE_SYS_TYPES_H 1
| #define HAVE_SYS_STAT_H 1
| #define HAVE_STDLIB_H 1
| #define HAVE_STRING_H 1
| #define HAVE_MEMORY_H 1
| #define HAVE_STRINGS_H 1
| #define HAVE_INTTYPES_H 1
| #define HAVE_STDINT_H 1
| #define HAVE_UNISTD_H 1
| #define HAVE_DLFCN_H 1
| #define LT_OBJDIR ".libs/"
| #define STDC_HEADERS 1
| #define HAVE_BYTESWAP_H 1
| /* end confdefs.h.  */
| #include <stdio.h>
| #ifdef HAVE_SYS_TYPES_H
| # include <sys/types.h>
| #endif
| #ifdef HAVE_SYS_STAT_H
| # include <sys/stat.h>
| #endif
| #ifdef STDC_HEADERS
| # include <stdlib.h>
| # include <stddef.h>
| #else
| # ifdef HAVE_STDLIB_H
| #  include <stdlib.h>
| # endif
| #endif
| #ifdef HAVE_STRING_H
| # if !defined STDC_HEADERS && defined HAVE_MEMORY_H
| #  include <memory.h>
| # endif
| # include <string.h>
| #endif
| #ifdef HAVE_STRINGS_H
| # include <strings.h>
| #endif
| #ifdef HAVE_INTTYPES_H
| # include <inttypes.h>
| #endif
| #ifdef HAVE_STDINT_H
| # include <stdint.h>
| #endif
| #ifdef HAVE_UNISTD_H
| # include <unistd.h>
| #endif
| int
| main ()
| {
| if (sizeof ((size_t)))
| 	    return 0;
|   ;
|   return 0;
| }
configure:16544: result: yes
configure:16555: checking whether time.h and sys/time.h may both be included
configure:16575: gcc -c -g -O2  conftest.c >&5
configure:16575: $? = 0
configure:16582: result: yes
configure:16590: checking whether byte ordering is bigendian
configure:16605: gcc -c -g -O2  conftest.c >&5
conftest.c:27:9: error: unknown type name 'not'
         not a universal capable compiler
         ^
conftest.c:27:15: error: expected '=', ',', ';', 'asm' or '__attribute__' before 'universal'
         not a universal capable compiler
               ^
conftest.c:27:15: error: unknown type name 'universal'
configure:16605: $? = 1
configure: failed program was:
| /* confdefs.h */
| #define PACKAGE_NAME "openbts"
| #define PACKAGE_TARNAME "openbts"
| #define PACKAGE_VERSION "5.0-master"
| #define PACKAGE_STRING "openbts 5.0-master"
| #define PACKAGE_BUGREPORT ""
| #define PACKAGE_URL ""
| #define PACKAGE "openbts"
| #define VERSION "5.0-master"
| #define STDC_HEADERS 1
| #define HAVE_SYS_TYPES_H 1
| #define HAVE_SYS_STAT_H 1
| #define HAVE_STDLIB_H 1
| #define HAVE_STRING_H 1
| #define HAVE_MEMORY_H 1
| #define HAVE_STRINGS_H 1
| #define HAVE_INTTYPES_H 1
| #define HAVE_STDINT_H 1
| #define HAVE_UNISTD_H 1
| #define HAVE_DLFCN_H 1
| #define LT_OBJDIR ".libs/"
| #define STDC_HEADERS 1
| #define HAVE_BYTESWAP_H 1
| #define TIME_WITH_SYS_TIME 1
| /* end confdefs.h.  */
| #ifndef __APPLE_CC__
| 	       not a universal capable compiler
| 	     #endif
| 	     typedef int dummy;
| 
configure:16650: gcc -c -g -O2  conftest.c >&5
configure:16650: $? = 0
configure:16668: gcc -c -g -O2  conftest.c >&5
conftest.c: In function 'main':
conftest.c:33:4: error: unknown type name 'not'
    not big endian
    ^
conftest.c:33:12: error: expected '=', ',', ';', 'asm' or '__attribute__' before 'endian'
    not big endian
            ^
configure:16668: $? = 1
configure: failed program was:
| /* confdefs.h */
| #define PACKAGE_NAME "openbts"
| #define PACKAGE_TARNAME "openbts"
| #define PACKAGE_VERSION "5.0-master"
| #define PACKAGE_STRING "openbts 5.0-master"
| #define PACKAGE_BUGREPORT ""
| #define PACKAGE_URL ""
| #define PACKAGE "openbts"
| #define VERSION "5.0-master"
| #define STDC_HEADERS 1
| #define HAVE_SYS_TYPES_H 1
| #define HAVE_SYS_STAT_H 1
| #define HAVE_STDLIB_H 1
| #define HAVE_STRING_H 1
| #define HAVE_MEMORY_H 1
| #define HAVE_STRINGS_H 1
| #define HAVE_INTTYPES_H 1
| #define HAVE_STDINT_H 1
| #define HAVE_UNISTD_H 1
| #define HAVE_DLFCN_H 1
| #define LT_OBJDIR ".libs/"
| #define STDC_HEADERS 1
| #define HAVE_BYTESWAP_H 1
| #define TIME_WITH_SYS_TIME 1
| /* end confdefs.h.  */
| #include <sys/types.h>
| 		#include <sys/param.h>
| 
| int
| main ()
| {
| #if BYTE_ORDER != BIG_ENDIAN
| 		 not big endian
| 		#endif
| 
|   ;
|   return 0;
| }
configure:16796: result: no
configure:16885: checking for pkg-config
configure:16903: found /usr/bin/pkg-config
configure:16915: result: /usr/bin/pkg-config
configure:16940: checking pkg-config is at least version 0.18
configure:16943: result: yes
configure:16959: checking for x86 cpuid  output
configure:16988: gcc -o conftest -g -O2   conftest.c  >&5
conftest.c: In function 'main':
conftest.c:31:15: error: expected expression before ',' token
      int op = , eax, ebx, ecx, edx;
               ^
configure:16988: $? = 1
configure: program exited with status 1
configure: failed program was:
| /* confdefs.h */
| #define PACKAGE_NAME "openbts"
| #define PACKAGE_TARNAME "openbts"
| #define PACKAGE_VERSION "5.0-master"
| #define PACKAGE_STRING "openbts 5.0-master"
| #define PACKAGE_BUGREPORT ""
| #define PACKAGE_URL ""
| #define PACKAGE "openbts"
| #define VERSION "5.0-master"
| #define STDC_HEADERS 1
| #define HAVE_SYS_TYPES_H 1
| #define HAVE_SYS_STAT_H 1
| #define HAVE_STDLIB_H 1
| #define HAVE_STRING_H 1
| #define HAVE_MEMORY_H 1
| #define HAVE_STRINGS_H 1
| #define HAVE_INTTYPES_H 1
| #define HAVE_STDINT_H 1
| #define HAVE_UNISTD_H 1
| #define HAVE_DLFCN_H 1
| #define LT_OBJDIR ".libs/"
| #define STDC_HEADERS 1
| #define HAVE_BYTESWAP_H 1
| #define TIME_WITH_SYS_TIME 1
| /* end confdefs.h.  */
| #include <stdio.h>
| int
| main ()
| {
| 
|      int op = , eax, ebx, ecx, edx;
|      FILE *f;
|       __asm__("cpuid"
|         : "=a" (eax), "=b" (ebx), "=c" (ecx), "=d" (edx)
|         : "a" (op));
|      f = fopen("conftest_cpuid", "w"); if (!f) return 1;
|      fprintf(f, "%x:%x:%x:%x\n", eax, ebx, ecx, edx);
|      fclose(f);
|      return 0;
| 
|   ;
|   return 0;
| }
configure:16998: result: unknown
configure:17014: checking for x86-AVX xgetbv  output
configure:17044: gcc -o conftest -g -O2   conftest.c  >&5
conftest.c: In function 'main':
conftest.c:31:15: error: expected expression before ',' token
      int op = , eax, edx;
               ^
configure:17044: $? = 1
configure: program exited with status 1
configure: failed program was:
| /* confdefs.h */
| #define PACKAGE_NAME "openbts"
| #define PACKAGE_TARNAME "openbts"
| #define PACKAGE_VERSION "5.0-master"
| #define PACKAGE_STRING "openbts 5.0-master"
| #define PACKAGE_BUGREPORT ""
| #define PACKAGE_URL ""
| #define PACKAGE "openbts"
| #define VERSION "5.0-master"
| #define STDC_HEADERS 1
| #define HAVE_SYS_TYPES_H 1
| #define HAVE_SYS_STAT_H 1
| #define HAVE_STDLIB_H 1
| #define HAVE_STRING_H 1
| #define HAVE_MEMORY_H 1
| #define HAVE_STRINGS_H 1
| #define HAVE_INTTYPES_H 1
| #define HAVE_STDINT_H 1
| #define HAVE_UNISTD_H 1
| #define HAVE_DLFCN_H 1
| #define LT_OBJDIR ".libs/"
| #define STDC_HEADERS 1
| #define HAVE_BYTESWAP_H 1
| #define TIME_WITH_SYS_TIME 1
| /* end confdefs.h.  */
| #include <stdio.h>
| int
| main ()
| {
| 
|      int op = , eax, edx;
|      FILE *f;
|       /* Opcodes for xgetbv */
|       __asm__(".byte 0x0f, 0x01, 0xd0"
|         : "=a" (eax), "=d" (edx)
|         : "c" (op));
|      f = fopen("conftest_xgetbv", "w"); if (!f) return 1;
|      fprintf(f, "%x:%x\n", eax, edx);
|      fclose(f);
|      return 0;
| 
|   ;
|   return 0;
| }
configure:17054: result: unknown
configure:17067: checking for USRP
configure:17075: $PKG_CONFIG --exists --print-errors "usrp >= 3.3"
configure:17078: $? = 0
configure:17115: $PKG_CONFIG --exists --print-errors "usrp >= 3.3"
configure:17118: $? = 0
configure:17135: $PKG_CONFIG --exists --print-errors "usrp >= 3.3"
configure:17138: $? = 0
configure:17205: result: yes
configure:17226: checking for x86 cpuid 0x00000001 output
configure:17255: gcc -o conftest -g -O2   conftest.c  >&5
configure:17255: $? = 0
configure:17255: ./conftest
configure:17255: $? = 0
configure:17265: result: 806e9:3100800:7ffafbbf:bfebfbff
configure:17277: checking whether mmx is supported
configure:17289: result: yes
configure:17292: checking whether sse is supported
configure:17304: result: yes
configure:17307: checking whether sse2 is supported
configure:17319: result: yes
configure:17322: checking whether sse3 is supported
configure:17334: result: yes
configure:17337: checking whether ssse3 is supported
configure:17349: result: yes
configure:17352: checking whether sse4.1 is supported
configure:17364: result: yes
configure:17367: checking whether sse4.2 is supported
configure:17379: result: yes
configure:17382: checking whether avx is supported by processor
configure:17394: result: yes
configure:17405: checking for x86-AVX xgetbv 0x00000000 output
configure:17435: gcc -o conftest -g -O2   conftest.c  >&5
configure:17435: $? = 0
configure:17435: ./conftest
configure:17435: $? = 0
configure:17445: result: 1f:0
configure:17460: checking whether avx is supported by operating system
configure:17475: result: yes
configure:17484: checking whether C compiler accepts -mmmx
configure:17503: gcc -c -g -O2  -mmmx  conftest.c >&5
configure:17503: $? = 0
configure:17511: result: yes
configure:17531: checking whether C compiler accepts -msse
configure:17550: gcc -c -g -O2  -msse  conftest.c >&5
configure:17550: $? = 0
configure:17558: result: yes
configure:17578: checking whether C compiler accepts -msse2
configure:17597: gcc -c -g -O2  -msse2  conftest.c >&5
configure:17597: $? = 0
configure:17605: result: yes
configure:17625: checking whether C compiler accepts -msse3
configure:17644: gcc -c -g -O2  -msse3  conftest.c >&5
configure:17644: $? = 0
configure:17652: result: yes
configure:17672: checking whether C compiler accepts -mssse3
configure:17691: gcc -c -g -O2  -mssse3  conftest.c >&5
configure:17691: $? = 0
configure:17699: result: yes
configure:17719: checking whether C compiler accepts -msse4.1
configure:17738: gcc -c -g -O2  -msse4.1  conftest.c >&5
configure:17738: $? = 0
configure:17746: result: yes
configure:17766: checking whether C compiler accepts -msse4.2
configure:17785: gcc -c -g -O2  -msse4.2  conftest.c >&5
configure:17785: $? = 0
configure:17793: result: yes
configure:17813: checking whether C compiler accepts -mavx
configure:17832: gcc -c -g -O2  -mavx  conftest.c >&5
configure:17832: $? = 0
configure:17840: result: yes
configure:18975: checking for zmq_init in -lzmq
configure:19000: gcc -o conftest -g -O2   conftest.c -lzmq   >&5
configure:19000: $? = 0
configure:19009: result: yes
configure:19022: checking whether libzmq installation works
configure:19035: gcc -o conftest -g -O2   conftest.c -lzmq  >&5
configure:19035: $? = 0
configure:19036: result: yes
configure:19047: checking for _init in -la53
configure:19072: gcc -o conftest -g -O2   conftest.c -la53  -lzmq  >&5
configure:19072: $? = 0
configure:19081: result: yes
configure:19095: checking ortp api version
configure:19102: result: >= 0.22.0
configure:19112: checking for gethostbyname_r
configure:19112: gcc -o conftest -g -O2   conftest.c -la53 -lzmq  >&5
configure:19112: $? = 0
configure:19112: result: yes
configure:19119: checking for gethostbyname2_r
configure:19119: gcc -o conftest -g -O2   conftest.c -la53 -lzmq  >&5
configure:19119: $? = 0
configure:19119: result: yes
configure:19238: checking that generated files are newer than configure
configure:19244: result: done
configure:19284: creating ./config.status

## ---------------------- ##
## Running config.status. ##
## ---------------------- ##

This file was extended by openbts config.status 5.0-master, which was
generated by GNU Autoconf 2.69.  Invocation command line was

  CONFIG_FILES    = 
  CONFIG_HEADERS  = 
  CONFIG_LINKS    = 
  CONFIG_COMMANDS = 
  $ ./config.status 

on BUZZ-04

config.status:1207: creating Makefile
config.status:1207: creating apps/Makefile
config.status:1207: creating config/Makefile
config.status:1207: creating doc/Makefile
config.status:1207: creating CommonLibs/Makefile
config.status:1207: creating Globals/Makefile
config.status:1207: creating Control/Makefile
config.status:1207: creating GSMShare/Makefile
config.status:1207: creating GSM/Makefile
config.status:1207: creating GPRS/Makefile
config.status:1207: creating SGSNGGSN/Makefile
config.status:1207: creating SIP/Makefile
config.status:1207: creating SMS/Makefile
config.status:1207: creating TransceiverRAD1/Makefile
config.status:1207: creating Transceiver52M/Makefile
config.status:1207: creating TRXManager/Makefile
config.status:1207: creating CLI/Makefile
config.status:1207: creating Peering/Makefile
config.status:1207: creating NodeManager/Makefile
config.status:1207: creating Scanning/Makefile
config.status:1207: creating config.h
config.status:1388: config.h is unchanged
config.status:1436: executing depfiles commands
config.status:1436: executing libtool commands

## ---------------- ##
## Cache variables. ##
## ---------------- ##

ac_cv_build=x86_64-pc-linux-gnu
ac_cv_c_bigendian=no
ac_cv_c_compiler_gnu=yes
ac_cv_c_const=yes
ac_cv_c_inline=inline
ac_cv_cxx_compiler_gnu=yes
ac_cv_env_CCASFLAGS_set=
ac_cv_env_CCASFLAGS_value=
ac_cv_env_CCAS_set=
ac_cv_env_CCAS_value=
ac_cv_env_CCC_set=
ac_cv_env_CCC_value=
ac_cv_env_CC_set=
ac_cv_env_CC_value=
ac_cv_env_CFLAGS_set=
ac_cv_env_CFLAGS_value=
ac_cv_env_CPPFLAGS_set=
ac_cv_env_CPPFLAGS_value=
ac_cv_env_CPP_set=
ac_cv_env_CPP_value=
ac_cv_env_CXXCPP_set=
ac_cv_env_CXXCPP_value=
ac_cv_env_CXXFLAGS_set=
ac_cv_env_CXXFLAGS_value=
ac_cv_env_CXX_set=
ac_cv_env_CXX_value=
ac_cv_env_LDFLAGS_set=
ac_cv_env_LDFLAGS_value=
ac_cv_env_LIBS_set=
ac_cv_env_LIBS_value=
ac_cv_env_LT_SYS_LIBRARY_PATH_set=
ac_cv_env_LT_SYS_LIBRARY_PATH_value=
ac_cv_env_PKG_CONFIG_set=
ac_cv_env_PKG_CONFIG_value=
ac_cv_env_UHD_CFLAGS_set=
ac_cv_env_UHD_CFLAGS_value=
ac_cv_env_UHD_INCLUDEDIR_set=
ac_cv_env_UHD_INCLUDEDIR_value=
ac_cv_env_UHD_LIBS_set=
ac_cv_env_UHD_LIBS_value=
ac_cv_env_USRP_CFLAGS_set=
ac_cv_env_USRP_CFLAGS_value=
ac_cv_env_USRP_INCLUDEDIR_set=
ac_cv_env_USRP_INCLUDEDIR_value=
ac_cv_env_USRP_LIBS_set=
ac_cv_env_USRP_LIBS_value=
ac_cv_env_build_alias_set=
ac_cv_env_build_alias_value=
ac_cv_env_host_alias_set=
ac_cv_env_host_alias_value=
ac_cv_env_target_alias_set=
ac_cv_env_target_alias_value=
ac_cv_func_gethostbyname2_r=yes
ac_cv_func_gethostbyname_r=yes
ac_cv_header_byteswap_h=yes
ac_cv_header_dlfcn_h=yes
ac_cv_header_inttypes_h=yes
ac_cv_header_memory_h=yes
ac_cv_header_stdc=yes
ac_cv_header_stdint_h=yes
ac_cv_header_stdlib_h=yes
ac_cv_header_string_h=yes
ac_cv_header_strings_h=yes
ac_cv_header_sys_stat_h=yes
ac_cv_header_sys_types_h=yes
ac_cv_header_time=yes
ac_cv_header_unistd_h=yes
ac_cv_host=x86_64-pc-linux-gnu
ac_cv_lib_a53__init=yes
ac_cv_lib_zmq_zmq_init=yes
ac_cv_objext=o
ac_cv_path_EGREP='/bin/grep -E'
ac_cv_path_FGREP='/bin/grep -F'
ac_cv_path_GREP=/bin/grep
ac_cv_path_RM_PROG=/bin/rm
ac_cv_path_SED=/bin/sed
ac_cv_path_ac_pt_PKG_CONFIG=/usr/bin/pkg-config
ac_cv_path_install='/usr/bin/install -c'
ac_cv_path_lt_DD=/bin/dd
ac_cv_path_mkdir=/bin/mkdir
ac_cv_prog_AWK=gawk
ac_cv_prog_CPP='gcc -E'
ac_cv_prog_CXXCPP='g++ -E'
ac_cv_prog_ac_ct_AR=ar
ac_cv_prog_ac_ct_CC=gcc
ac_cv_prog_ac_ct_CXX=g++
ac_cv_prog_ac_ct_MANIFEST_TOOL=mt
ac_cv_prog_ac_ct_OBJDUMP=objdump
ac_cv_prog_ac_ct_RANLIB=ranlib
ac_cv_prog_ac_ct_STRIP=strip
ac_cv_prog_cc_c89=
ac_cv_prog_cc_g=yes
ac_cv_prog_cxx_g=yes
ac_cv_prog_make_make_set=yes
ac_cv_target=x86_64-pc-linux-gnu
ac_cv_type_size_t=yes
am_cv_CCAS_dependencies_compiler_type=gcc3
am_cv_CC_dependencies_compiler_type=gcc3
am_cv_CXX_dependencies_compiler_type=gcc3
am_cv_make_support_nested_variables=yes
am_cv_prog_cc_c_o=yes
ax_cv_check_cflags___mavx=yes
ax_cv_check_cflags___mmmx=yes
ax_cv_check_cflags___msse2=yes
ax_cv_check_cflags___msse3=yes
ax_cv_check_cflags___msse4_1=yes
ax_cv_check_cflags___msse4_2=yes
ax_cv_check_cflags___msse=yes
ax_cv_check_cflags___mssse3=yes
ax_cv_gcc_x86_avx_xgetbv_0x00000000=1f:0
ax_cv_gcc_x86_avx_xgetbv_=unknown
ax_cv_gcc_x86_cpuid_0x00000001=806e9:3100800:7ffafbbf:bfebfbff
ax_cv_gcc_x86_cpuid_=unknown
ax_cv_have_avx_cpu_ext=yes
ax_cv_have_avx_ext=yes
ax_cv_have_mmx_ext=yes
ax_cv_have_sse2_ext=yes
ax_cv_have_sse3_ext=yes
ax_cv_have_sse41_ext=yes
ax_cv_have_sse42_ext=yes
ax_cv_have_sse_ext=yes
ax_cv_have_ssse3_ext=yes
ax_cv_support_avx_ext=yes
ax_cv_support_mmx_ext=yes
ax_cv_support_sse2_ext=yes
ax_cv_support_sse3_ext=yes
ax_cv_support_sse41_ext=yes
ax_cv_support_sse42_ext=yes
ax_cv_support_sse_ext=yes
ax_cv_support_ssse3_ext=yes
lt_cv_ar_at_file=@
lt_cv_archive_cmds_need_lc=no
lt_cv_deplibs_check_method=pass_all
lt_cv_file_magic_cmd='$MAGIC_CMD'
lt_cv_file_magic_test_file=
lt_cv_ld_reload_flag=-r
lt_cv_nm_interface='BSD nm'
lt_cv_objdir=.libs
lt_cv_path_LD=/usr/bin/ld
lt_cv_path_LDCXX='/usr/bin/ld -m elf_x86_64'
lt_cv_path_NM='/usr/bin/nm -B'
lt_cv_path_mainfest_tool=no
lt_cv_prog_compiler_c_o=yes
lt_cv_prog_compiler_c_o_CXX=yes
lt_cv_prog_compiler_pic='-fPIC -DPIC'
lt_cv_prog_compiler_pic_CXX='-fPIC -DPIC'
lt_cv_prog_compiler_pic_works=yes
lt_cv_prog_compiler_pic_works_CXX=yes
lt_cv_prog_compiler_rtti_exceptions=no
lt_cv_prog_compiler_static_works=yes
lt_cv_prog_compiler_static_works_CXX=yes
lt_cv_prog_gnu_ld=yes
lt_cv_prog_gnu_ldcxx=yes
lt_cv_sharedlib_from_linklib_cmd='printf %s\n'
lt_cv_shlibpath_overrides_runpath=no
lt_cv_sys_global_symbol_pipe='sed -n -e '\''s/^.*[	 ]\([ABCDGIRSTW][ABCDGIRSTW]*\)[	 ][	 ]*\([_A-Za-z][_A-Za-z0-9]*\)$/\1 \2 \2/p'\'' | sed '\''/ __gnu_lto/d'\'''
lt_cv_sys_global_symbol_to_c_name_address='sed -n -e '\''s/^: \(.*\) .*$/  {"\1", (void *) 0},/p'\'' -e '\''s/^[ABCDGIRSTW][ABCDGIRSTW]* .* \(.*\)$/  {"\1", (void *) \&\1},/p'\'''
lt_cv_sys_global_symbol_to_c_name_address_lib_prefix='sed -n -e '\''s/^: \(.*\) .*$/  {"\1", (void *) 0},/p'\'' -e '\''s/^[ABCDGIRSTW][ABCDGIRSTW]* .* \(lib.*\)$/  {"\1", (void *) \&\1},/p'\'' -e '\''s/^[ABCDGIRSTW][ABCDGIRSTW]* .* \(.*\)$/  {"lib\1", (void *) \&\1},/p'\'''
lt_cv_sys_global_symbol_to_cdecl='sed -n -e '\''s/^T .* \(.*\)$/extern int \1();/p'\'' -e '\''s/^[ABCDGIRSTW][ABCDGIRSTW]* .* \(.*\)$/extern char \1;/p'\'''
lt_cv_sys_global_symbol_to_import=
lt_cv_sys_max_cmd_len=1572864
lt_cv_to_host_file_cmd=func_convert_file_noop
lt_cv_to_tool_file_cmd=func_convert_file_noop
lt_cv_truncate_bin='/bin/dd bs=4096 count=1'
pkg_cv_USRP_CFLAGS=-I/usr/local/include
pkg_cv_USRP_CPPFLAGS=' -I/usr/local/include'
pkg_cv_USRP_INCLUDEDIR=/usr/local/include
pkg_cv_USRP_LIBS='-L/usr/local/lib64 -lusrp -lusb'

## ----------------- ##
## Output variables. ##
## ----------------- ##

ACLOCAL='${SHELL} /home/me/src/dev/ctxis/missing aclocal-1.15'
AMDEPBACKSLASH='\'
AMDEP_FALSE='#'
AMDEP_TRUE=''
AMTAR='$${TAR-tar}'
AM_BACKSLASH='\'
AM_DEFAULT_V='$(AM_DEFAULT_VERBOSITY)'
AM_DEFAULT_VERBOSITY='1'
AM_V='$(V)'
AR='ar'
AUTOCONF='${SHELL} /home/me/src/dev/ctxis/missing autoconf'
AUTOHEADER='${SHELL} /home/me/src/dev/ctxis/missing autoheader'
AUTOMAKE='${SHELL} /home/me/src/dev/ctxis/missing automake-1.15'
AWK='gawk'
CC='gcc'
CCAS='gcc'
CCASDEPMODE='depmode=gcc3'
CCASFLAGS='-g -O2'
CCDEPMODE='depmode=gcc3'
CFLAGS='-g -O2'
CPP='gcc -E'
CPPFLAGS=''
CXX='g++'
CXXCPP='g++ -E'
CXXDEPMODE='depmode=gcc3'
CXXFLAGS=''
CYGPATH_W='echo'
DEFS='-DHAVE_CONFIG_H'
DEPDIR='.deps'
DLLTOOL='false'
DSYMUTIL=''
DUMPBIN=''
ECHO_C=''
ECHO_N='-n'
ECHO_T=''
EGREP='/bin/grep -E'
EXEEXT=''
FGREP='/bin/grep -F'
GREP='/bin/grep'
INSTALL_DATA='${INSTALL} -m 644'
INSTALL_PROGRAM='${INSTALL}'
INSTALL_SCRIPT='${INSTALL}'
INSTALL_STRIP_PROGRAM='$(install_sh) -c -s'
LD='/usr/bin/ld -m elf_x86_64'
LDFLAGS=''
LIBOBJS=''
LIBS='-la53 -lzmq '
LIBTOOL='$(SHELL) $(top_builddir)/libtool'
LIPO=''
LN_S='ln -s'
LTLIBOBJS=''
LT_SYS_LIBRARY_PATH=''
MAKEINFO='${SHELL} /home/me/src/dev/ctxis/missing makeinfo'
MANIFEST_TOOL=':'
MKDIR_P='/bin/mkdir -p'
NM='/usr/bin/nm -B'
NMEDIT=''
OBJDUMP='objdump'
OBJEXT='o'
OTOOL64=''
OTOOL=''
PACKAGE='openbts'
PACKAGE_BUGREPORT=''
PACKAGE_NAME='openbts'
PACKAGE_STRING='openbts 5.0-master'
PACKAGE_TARNAME='openbts'
PACKAGE_URL=''
PACKAGE_VERSION='5.0-master'
PATH_SEPARATOR=':'
PKG_CONFIG='/usr/bin/pkg-config'
RANLIB='ranlib'
RM_PROG='/bin/rm'
SED='/bin/sed'
SET_MAKE=''
SHELL='/bin/bash'
SIMD_FLAGS=' -mmmx -msse -msse2 -msse3 -mssse3 -msse4.1 -msse4.2 -mavx'
STRIP='strip'
UHD_CFLAGS=''
UHD_CPPFLAGS=''
UHD_FALSE=''
UHD_INCLUDEDIR=''
UHD_LIBS=''
UHD_TRUE='#'
USRP1_FALSE='#'
USRP1_TRUE=''
USRP_CFLAGS='-I/usr/local/include'
USRP_CPPFLAGS=' -I/usr/local/include'
USRP_INCLUDEDIR='/usr/local/include'
USRP_LIBS='-L/usr/local/lib64 -lusrp -lusb'
VERSION='5.0-master'
ac_ct_AR='ar'
ac_ct_CC='gcc'
ac_ct_CXX='g++'
ac_ct_DUMPBIN=''
am__EXEEXT_FALSE=''
am__EXEEXT_TRUE='#'
am__fastdepCCAS_FALSE='#'
am__fastdepCCAS_TRUE=''
am__fastdepCC_FALSE='#'
am__fastdepCC_TRUE=''
am__fastdepCXX_FALSE='#'
am__fastdepCXX_TRUE=''
am__include='include'
am__isrc=''
am__leading_dot='.'
am__nodep='_no'
am__quote=''
am__tar='$${TAR-tar} chof - "$$tardir"'
am__untar='$${TAR-tar} xf -'
bindir='${exec_prefix}/bin'
build='x86_64-pc-linux-gnu'
build_alias=''
build_cpu='x86_64'
build_os='linux-gnu'
build_vendor='pc'
datadir='${datarootdir}'
datarootdir='${prefix}/share'
docdir='${datarootdir}/doc/${PACKAGE_TARNAME}'
dvidir='${docdir}'
exec_prefix='${prefix}'
host='x86_64-pc-linux-gnu'
host_alias=''
host_cpu='x86_64'
host_os='linux-gnu'
host_vendor='pc'
htmldir='${docdir}'
includedir='${prefix}/include'
infodir='${datarootdir}/info'
install_sh='${SHELL} /home/me/src/dev/ctxis/install-sh'
libdir='${exec_prefix}/lib'
libexecdir='${exec_prefix}/libexec'
localedir='${datarootdir}/locale'
localstatedir='${prefix}/var'
mandir='${datarootdir}/man'
mkdir_p='$(MKDIR_P)'
oldincludedir='/usr/include'
pdfdir='${docdir}'
prefix='/usr/local'
program_transform_name='s,x,x,'
psdir='${docdir}'
runstatedir='${localstatedir}/run'
sbindir='${exec_prefix}/sbin'
sharedstatedir='${prefix}/com'
sysconfdir='${prefix}/etc'
target='x86_64-pc-linux-gnu'
target_alias=''
target_cpu='x86_64'
target_os='linux-gnu'
target_vendor='pc'

## ----------- ##
## confdefs.h. ##
## ----------- ##

/* confdefs.h */
#define PACKAGE_NAME "openbts"
#define PACKAGE_TARNAME "openbts"
#define PACKAGE_VERSION "5.0-master"
#define PACKAGE_STRING "openbts 5.0-master"
#define PACKAGE_BUGREPORT ""
#define PACKAGE_URL ""
#define PACKAGE "openbts"
#define VERSION "5.0-master"
#define STDC_HEADERS 1
#define HAVE_SYS_TYPES_H 1
#define HAVE_SYS_STAT_H 1
#define HAVE_STDLIB_H 1
#define HAVE_STRING_H 1
#define HAVE_MEMORY_H 1
#define HAVE_STRINGS_H 1
#define HAVE_INTTYPES_H 1
#define HAVE_STDINT_H 1
#define HAVE_UNISTD_H 1
#define HAVE_DLFCN_H 1
#define LT_OBJDIR ".libs/"
#define STDC_HEADERS 1
#define HAVE_BYTESWAP_H 1
#define TIME_WITH_SYS_TIME 1
#define HAVE_MMX /**/
#define HAVE_SSE /**/
#define HAVE_SSE2 /**/
#define HAVE_SSE3 /**/
#define HAVE_SSSE3 /**/
#define HAVE_SSE4_1 /**/
#define HAVE_SSE4_2 /**/
#define HAVE_AVX /**/
#define SINGLEDB 1
#define HAVE_LIBZMQ 1
#define HAVE_LIBA53 1
#define ORTP_NEW_API 1
#define HAVE_GETHOSTBYNAME_R 1
#define HAVE_GETHOSTBYNAME2_R 1

configure: exit 0
